<?xml version="1.0" encoding="UTF-8"?>
<!-- Generated by org.testng.reporters.JUnitReportReporter -->
<testsuite hostname="Kunal-PC" failures="0" tests="1" name="selenium_Scripts.FisGlobal_Automation" time="52.402" errors="0" timestamp="2025-02-04T17:43:17 IST" skipped="0">
  <testcase classname="selenium_Scripts.FisGlobal_Automation" name="verifyItemsInCart" time="52.402"/>
  <system-out/>
</testsuite> <!-- selenium_Scripts.FisGlobal_Automation -->
