<?xml version="1.0" encoding="UTF-8"?>
<!-- Generated by org.testng.reporters.JUnitReportReporter -->
<testsuite hostname="Kunal-PC" failures="0" tests="1" name="selenium_Scripts.FisGlobal_Automation" time="31.009" errors="0" timestamp="2025-02-04T19:16:41 IST" skipped="0">
  <testcase classname="selenium_Scripts.FisGlobal_Automation" name="verifyItemsInCart" time="31.009"/>
  <system-out>
    <![CDATA[Test Passed.]]>
  </system-out>
</testsuite> <!-- selenium_Scripts.FisGlobal_Automation -->
